This file contains any messages produced by compilers while
running configure, to aid debugging if configure makes a mistake.

It was created by configure, which was
generated by GNU Autoconf 2.69.  Invocation command line was

  $ /src/patches/fitsio-sys/ext/cfitsio/configure --prefix=/src/patches/fitsio-sys/ext/cfitsio --disable-curl --enable-reentrant --host=mipsel-ingenic-linux-gnu

## --------- ##
## Platform. ##
## --------- ##

hostname = fee2ae47ec6a
uname -m = x86_64
uname -r = 5.15.146.1-microsoft-standard-WSL2
uname -s = Linux
uname -v = #1 SMP Thu Jan 11 04:09:03 UTC 2024

/usr/bin/uname -p = x86_64
/bin/uname -X     = unknown

/bin/arch              = x86_64
/usr/bin/arch -k       = unknown
/usr/convex/getsysinfo = unknown
/usr/bin/hostinfo      = unknown
/bin/machine           = unknown
/usr/bin/oslevel       = unknown
/bin/universe          = unknown

PATH: /root/.vscode-server/bin/863d2581ecda6849923a2118d93a088b0745d9d6/bin/remote-cli
PATH: /root/.cargo/bin
PATH: /usr/local/sbin
PATH: /usr/local/bin
PATH: /usr/sbin
PATH: /usr/bin
PATH: /sbin
PATH: /bin


## ----------- ##
## Core tests. ##
## ----------- ##

configure:2181: checking build system type
configure:2195: result: x86_64-pc-linux-gnu
configure:2215: checking host system type
configure:2228: result: mipsel-ingenic-linux-gnu
configure:2248: checking target system type
configure:2261: result: mipsel-ingenic-linux-gnu
configure:2311: WARNING: Not linking with curl for remote file i/o support
configure:2359: checking for mipsel-ingenic-linux-gnu-gcc
configure:2386: result: /atomskygaze/build/buildroot-2024.02/output/host/bin/mipsel-ingenic-linux-gnu-gcc
configure:2655: checking for C compiler version
configure:2664: /atomskygaze/build/buildroot-2024.02/output/host/bin/mipsel-ingenic-linux-gnu-gcc --version >&5
mipsel-ingenic-linux-gnu-gcc.br_real (Buildroot 2024.02) 12.3.0
Copyright (C) 2022 Free Software Foundation, Inc.
This is free software; see the source for copying conditions.  There is NO
warranty; not even for MERCHANTABILITY or FITNESS FOR A PARTICULAR PURPOSE.

configure:2675: $? = 0
configure:2664: /atomskygaze/build/buildroot-2024.02/output/host/bin/mipsel-ingenic-linux-gnu-gcc -v >&5
Using built-in specs.
COLLECT_GCC=/atomskygaze/build/buildroot-2024.02/output/host/bin/mipsel-ingenic-linux-gnu-gcc.br_real
COLLECT_LTO_WRAPPER=/atomskygaze/build/buildroot-2024.02/output/host/libexec/gcc/mipsel-ingenic-linux-gnu/12.3.0/lto-wrapper
Target: mipsel-ingenic-linux-gnu
Configured with: ./configure --prefix=/atomskygaze/build/buildroot-2024.02/output/host --sysconfdir=/atomskygaze/build/buildroot-2024.02/output/host/etc --enable-static --target=mipsel-ingenic-linux-gnu --with-sysroot=/atomskygaze/build/buildroot-2024.02/output/host/mipsel-ingenic-linux-gnu/sysroot --enable-__cxa_atexit --with-gnu-ld --disable-libssp --disable-multilib --disable-decimal-float --enable-plugins --enable-lto --with-gmp=/atomskygaze/build/buildroot-2024.02/output/host --with-mpc=/atomskygaze/build/buildroot-2024.02/output/host --with-mpfr=/atomskygaze/build/buildroot-2024.02/output/host --with-pkgversion='Buildroot 2024.02' --with-bugurl=http://bugs.buildroot.net/ --without-zstd --disable-libquadmath --disable-libquadmath-support --disable-libsanitizer --enable-tls --enable-threads --without-isl --without-cloog --with-arch=mips32r2 --with-abi=32 --with-nan=legacy --with-fp-32=32 --enable-languages=c,c++ --with-build-time-tools=/atomskygaze/build/buildroot-2024.02/output/host/mipsel-ingenic-linux-gnu/bin --enable-shared --disable-libgomp
Thread model: posix
Supported LTO compression algorithms: zlib
gcc version 12.3.0 (Buildroot 2024.02) 
configure:2675: $? = 0
configure:2664: /atomskygaze/build/buildroot-2024.02/output/host/bin/mipsel-ingenic-linux-gnu-gcc -V >&5
mipsel-ingenic-linux-gnu-gcc.br_real: error: unrecognized command-line option '-V'
mipsel-ingenic-linux-gnu-gcc.br_real: fatal error: no input files
compilation terminated.
configure:2675: $? = 1
configure:2664: /atomskygaze/build/buildroot-2024.02/output/host/bin/mipsel-ingenic-linux-gnu-gcc -qversion >&5
mipsel-ingenic-linux-gnu-gcc.br_real: error: unrecognized command-line option '-qversion'; did you mean '--version'?
mipsel-ingenic-linux-gnu-gcc.br_real: fatal error: no input files
compilation terminated.
configure:2675: $? = 1
configure:2695: checking whether the C compiler works
configure:2717: /atomskygaze/build/buildroot-2024.02/output/host/bin/mipsel-ingenic-linux-gnu-gcc -O3 -ffunction-sections -fdata-sections -fPIC  -O3 -fPIE   conftest.c  >&5
configure:2721: $? = 0
configure:2769: result: yes
configure:2772: checking for C compiler default output file name
configure:2774: result: a.out
configure:2780: checking for suffix of executables
configure:2787: /atomskygaze/build/buildroot-2024.02/output/host/bin/mipsel-ingenic-linux-gnu-gcc -o conftest -O3 -ffunction-sections -fdata-sections -fPIC  -O3 -fPIE   conftest.c  >&5
configure:2791: $? = 0
configure:2813: result: 
configure:2835: checking whether we are cross compiling
configure:2843: /atomskygaze/build/buildroot-2024.02/output/host/bin/mipsel-ingenic-linux-gnu-gcc -o conftest -O3 -ffunction-sections -fdata-sections -fPIC  -O3 -fPIE   conftest.c  >&5
configure:2847: $? = 0
configure:2854: ./conftest
/src/patches/fitsio-sys/ext/cfitsio/configure: line 2856: ./conftest: cannot execute binary file: Exec format error
configure:2858: $? = 126
configure:2873: result: yes
configure:2878: checking for suffix of object files
configure:2900: /atomskygaze/build/buildroot-2024.02/output/host/bin/mipsel-ingenic-linux-gnu-gcc -c -O3 -ffunction-sections -fdata-sections -fPIC  -O3 -fPIE  conftest.c >&5
configure:2904: $? = 0
configure:2925: result: o
configure:2929: checking whether we are using the GNU C compiler
configure:2948: /atomskygaze/build/buildroot-2024.02/output/host/bin/mipsel-ingenic-linux-gnu-gcc -c -O3 -ffunction-sections -fdata-sections -fPIC  -O3 -fPIE  conftest.c >&5
configure:2948: $? = 0
configure:2957: result: yes
configure:2966: checking whether /atomskygaze/build/buildroot-2024.02/output/host/bin/mipsel-ingenic-linux-gnu-gcc accepts -g
configure:2986: /atomskygaze/build/buildroot-2024.02/output/host/bin/mipsel-ingenic-linux-gnu-gcc -c -g  conftest.c >&5
configure:2986: $? = 0
configure:3027: result: yes
configure:3044: checking for /atomskygaze/build/buildroot-2024.02/output/host/bin/mipsel-ingenic-linux-gnu-gcc option to accept ISO C89
configure:3107: /atomskygaze/build/buildroot-2024.02/output/host/bin/mipsel-ingenic-linux-gnu-gcc  -c -O3 -ffunction-sections -fdata-sections -fPIC  -O3 -fPIE  conftest.c >&5
configure:3107: $? = 0
configure:3120: result: none needed
configure:3146: checking how to run the C preprocessor
configure:3177: /atomskygaze/build/buildroot-2024.02/output/host/bin/mipsel-ingenic-linux-gnu-gcc -E  conftest.c
configure:3177: $? = 0
configure:3191: /atomskygaze/build/buildroot-2024.02/output/host/bin/mipsel-ingenic-linux-gnu-gcc -E  conftest.c
conftest.c:9:10: fatal error: ac_nonexistent.h: No such file or directory
    9 | #include <ac_nonexistent.h>
      |          ^~~~~~~~~~~~~~~~~~
compilation terminated.
configure:3191: $? = 1
configure: failed program was:
| /* confdefs.h */
| #define PACKAGE_NAME ""
| #define PACKAGE_TARNAME ""
| #define PACKAGE_VERSION ""
| #define PACKAGE_STRING ""
| #define PACKAGE_BUGREPORT ""
| #define PACKAGE_URL ""
| /* end confdefs.h.  */
| #include <ac_nonexistent.h>
configure:3216: result: /atomskygaze/build/buildroot-2024.02/output/host/bin/mipsel-ingenic-linux-gnu-gcc -E
configure:3236: /atomskygaze/build/buildroot-2024.02/output/host/bin/mipsel-ingenic-linux-gnu-gcc -E  conftest.c
configure:3236: $? = 0
configure:3250: /atomskygaze/build/buildroot-2024.02/output/host/bin/mipsel-ingenic-linux-gnu-gcc -E  conftest.c
conftest.c:9:10: fatal error: ac_nonexistent.h: No such file or directory
    9 | #include <ac_nonexistent.h>
      |          ^~~~~~~~~~~~~~~~~~
compilation terminated.
configure:3250: $? = 1
configure: failed program was:
| /* confdefs.h */
| #define PACKAGE_NAME ""
| #define PACKAGE_TARNAME ""
| #define PACKAGE_VERSION ""
| #define PACKAGE_STRING ""
| #define PACKAGE_BUGREPORT ""
| #define PACKAGE_URL ""
| /* end confdefs.h.  */
| #include <ac_nonexistent.h>
configure:3279: checking for grep that handles long lines and -e
configure:3337: result: /usr/bin/grep
configure:3342: checking for egrep
configure:3404: result: /usr/bin/grep -E
configure:3409: checking for ANSI C header files
configure:3429: /atomskygaze/build/buildroot-2024.02/output/host/bin/mipsel-ingenic-linux-gnu-gcc -c -O3 -ffunction-sections -fdata-sections -fPIC  -O3 -fPIE  conftest.c >&5
configure:3429: $? = 0
configure:3513: result: yes
configure:3526: checking for sys/types.h
configure:3526: /atomskygaze/build/buildroot-2024.02/output/host/bin/mipsel-ingenic-linux-gnu-gcc -c -O3 -ffunction-sections -fdata-sections -fPIC  -O3 -fPIE  conftest.c >&5
configure:3526: $? = 0
configure:3526: result: yes
configure:3526: checking for sys/stat.h
configure:3526: /atomskygaze/build/buildroot-2024.02/output/host/bin/mipsel-ingenic-linux-gnu-gcc -c -O3 -ffunction-sections -fdata-sections -fPIC  -O3 -fPIE  conftest.c >&5
configure:3526: $? = 0
configure:3526: result: yes
configure:3526: checking for stdlib.h
configure:3526: /atomskygaze/build/buildroot-2024.02/output/host/bin/mipsel-ingenic-linux-gnu-gcc -c -O3 -ffunction-sections -fdata-sections -fPIC  -O3 -fPIE  conftest.c >&5
configure:3526: $? = 0
configure:3526: result: yes
configure:3526: checking for string.h
configure:3526: /atomskygaze/build/buildroot-2024.02/output/host/bin/mipsel-ingenic-linux-gnu-gcc -c -O3 -ffunction-sections -fdata-sections -fPIC  -O3 -fPIE  conftest.c >&5
configure:3526: $? = 0
configure:3526: result: yes
configure:3526: checking for memory.h
configure:3526: /atomskygaze/build/buildroot-2024.02/output/host/bin/mipsel-ingenic-linux-gnu-gcc -c -O3 -ffunction-sections -fdata-sections -fPIC  -O3 -fPIE  conftest.c >&5
configure:3526: $? = 0
configure:3526: result: yes
configure:3526: checking for strings.h
configure:3526: /atomskygaze/build/buildroot-2024.02/output/host/bin/mipsel-ingenic-linux-gnu-gcc -c -O3 -ffunction-sections -fdata-sections -fPIC  -O3 -fPIE  conftest.c >&5
configure:3526: $? = 0
configure:3526: result: yes
configure:3526: checking for inttypes.h
configure:3526: /atomskygaze/build/buildroot-2024.02/output/host/bin/mipsel-ingenic-linux-gnu-gcc -c -O3 -ffunction-sections -fdata-sections -fPIC  -O3 -fPIE  conftest.c >&5
configure:3526: $? = 0
configure:3526: result: yes
configure:3526: checking for stdint.h
configure:3526: /atomskygaze/build/buildroot-2024.02/output/host/bin/mipsel-ingenic-linux-gnu-gcc -c -O3 -ffunction-sections -fdata-sections -fPIC  -O3 -fPIE  conftest.c >&5
configure:3526: $? = 0
configure:3526: result: yes
configure:3526: checking for unistd.h
configure:3526: /atomskygaze/build/buildroot-2024.02/output/host/bin/mipsel-ingenic-linux-gnu-gcc -c -O3 -ffunction-sections -fdata-sections -fPIC  -O3 -fPIE  conftest.c >&5
configure:3526: $? = 0
configure:3526: result: yes
configure:3775: checking for mipsel-ingenic-linux-gnu-gcc
configure:3802: result: /atomskygaze/build/buildroot-2024.02/output/host/bin/mipsel-ingenic-linux-gnu-gcc
configure:4071: checking for C compiler version
configure:4080: /atomskygaze/build/buildroot-2024.02/output/host/bin/mipsel-ingenic-linux-gnu-gcc --version >&5
mipsel-ingenic-linux-gnu-gcc.br_real (Buildroot 2024.02) 12.3.0
Copyright (C) 2022 Free Software Foundation, Inc.
This is free software; see the source for copying conditions.  There is NO
warranty; not even for MERCHANTABILITY or FITNESS FOR A PARTICULAR PURPOSE.

configure:4091: $? = 0
configure:4080: /atomskygaze/build/buildroot-2024.02/output/host/bin/mipsel-ingenic-linux-gnu-gcc -v >&5
Using built-in specs.
COLLECT_GCC=/atomskygaze/build/buildroot-2024.02/output/host/bin/mipsel-ingenic-linux-gnu-gcc.br_real
COLLECT_LTO_WRAPPER=/atomskygaze/build/buildroot-2024.02/output/host/libexec/gcc/mipsel-ingenic-linux-gnu/12.3.0/lto-wrapper
Target: mipsel-ingenic-linux-gnu
Configured with: ./configure --prefix=/atomskygaze/build/buildroot-2024.02/output/host --sysconfdir=/atomskygaze/build/buildroot-2024.02/output/host/etc --enable-static --target=mipsel-ingenic-linux-gnu --with-sysroot=/atomskygaze/build/buildroot-2024.02/output/host/mipsel-ingenic-linux-gnu/sysroot --enable-__cxa_atexit --with-gnu-ld --disable-libssp --disable-multilib --disable-decimal-float --enable-plugins --enable-lto --with-gmp=/atomskygaze/build/buildroot-2024.02/output/host --with-mpc=/atomskygaze/build/buildroot-2024.02/output/host --with-mpfr=/atomskygaze/build/buildroot-2024.02/output/host --with-pkgversion='Buildroot 2024.02' --with-bugurl=http://bugs.buildroot.net/ --without-zstd --disable-libquadmath --disable-libquadmath-support --disable-libsanitizer --enable-tls --enable-threads --without-isl --without-cloog --with-arch=mips32r2 --with-abi=32 --with-nan=legacy --with-fp-32=32 --enable-languages=c,c++ --with-build-time-tools=/atomskygaze/build/buildroot-2024.02/output/host/mipsel-ingenic-linux-gnu/bin --enable-shared --disable-libgomp
Thread model: posix
Supported LTO compression algorithms: zlib
gcc version 12.3.0 (Buildroot 2024.02) 
configure:4091: $? = 0
configure:4080: /atomskygaze/build/buildroot-2024.02/output/host/bin/mipsel-ingenic-linux-gnu-gcc -V >&5
mipsel-ingenic-linux-gnu-gcc.br_real: error: unrecognized command-line option '-V'
mipsel-ingenic-linux-gnu-gcc.br_real: fatal error: no input files
compilation terminated.
configure:4091: $? = 1
configure:4080: /atomskygaze/build/buildroot-2024.02/output/host/bin/mipsel-ingenic-linux-gnu-gcc -qversion >&5
mipsel-ingenic-linux-gnu-gcc.br_real: error: unrecognized command-line option '-qversion'; did you mean '--version'?
mipsel-ingenic-linux-gnu-gcc.br_real: fatal error: no input files
compilation terminated.
configure:4091: $? = 1
configure:4095: checking whether we are using the GNU C compiler
configure:4123: result: yes
configure:4132: checking whether /atomskygaze/build/buildroot-2024.02/output/host/bin/mipsel-ingenic-linux-gnu-gcc accepts -g
configure:4193: result: yes
configure:4210: checking for /atomskygaze/build/buildroot-2024.02/output/host/bin/mipsel-ingenic-linux-gnu-gcc option to accept ISO C89
configure:4286: result: none needed
configure:4321: checking for gfortran
configure:4351: result: no
configure:4321: checking for g95
configure:4351: result: no
configure:4321: checking for g77
configure:4351: result: no
configure:4321: checking for f77
configure:4351: result: no
configure:4321: checking for ifort
configure:4351: result: no
configure:4321: checking for f95
configure:4351: result: no
configure:4321: checking for f90
configure:4351: result: no
configure:4321: checking for xlf
configure:4351: result: no
configure:4321: checking for cf77
configure:4351: result: no
configure:4321: checking for gf77
configure:4351: result: no
configure:4321: checking for af77
configure:4351: result: no
configure:4321: checking for ncf
configure:4351: result: no
configure:4321: checking for f2c
configure:4351: result: no
configure:4361: WARNING: cfitsio: == No acceptable Fortran compiler found in $PATH
configure:4363: cfitsio: == Adding wrapper support for GNU Fortran by default
configure:4393: checking for ar
configure:4409: found /usr/bin/ar
configure:4421: result: ar
configure:4438: checking for mipsel-ingenic-linux-gnu-ranlib
configure:4468: result: no
configure:4478: checking for ranlib
configure:4494: found /usr/bin/ranlib
configure:4505: result: ranlib
configure:4517: WARNING: using cross tools not prefixed with host triplet
configure:4531: checking for stdlib.h
configure:4531: result: yes
configure:4531: checking for string.h
configure:4531: result: yes
configure:4531: checking math.h usability
configure:4531: /atomskygaze/build/buildroot-2024.02/output/host/bin/mipsel-ingenic-linux-gnu-gcc -c -O3 -ffunction-sections -fdata-sections -fPIC  -O3 -fPIE  conftest.c >&5
configure:4531: $? = 0
configure:4531: result: yes
configure:4531: checking math.h presence
configure:4531: /atomskygaze/build/buildroot-2024.02/output/host/bin/mipsel-ingenic-linux-gnu-gcc -E  conftest.c
configure:4531: $? = 0
configure:4531: result: yes
configure:4531: checking for math.h
configure:4531: result: yes
configure:4531: checking limits.h usability
configure:4531: /atomskygaze/build/buildroot-2024.02/output/host/bin/mipsel-ingenic-linux-gnu-gcc -c -O3 -ffunction-sections -fdata-sections -fPIC  -O3 -fPIE  conftest.c >&5
configure:4531: $? = 0
configure:4531: result: yes
configure:4531: checking limits.h presence
configure:4531: /atomskygaze/build/buildroot-2024.02/output/host/bin/mipsel-ingenic-linux-gnu-gcc -E  conftest.c
configure:4531: $? = 0
configure:4531: result: yes
configure:4531: checking for limits.h
configure:4531: result: yes
configure:4554: /atomskygaze/build/buildroot-2024.02/output/host/bin/mipsel-ingenic-linux-gnu-gcc -c -O3 -ffunction-sections -fdata-sections -fPIC  -O3 -fPIE  conftest.c >&5
configure:4554: $? = 0
configure:4979: checking whether ftruncate works
configure:4995: /atomskygaze/build/buildroot-2024.02/output/host/bin/mipsel-ingenic-linux-gnu-gcc -o conftest -O3 -ffunction-sections -fdata-sections -fPIC  -O3 -fPIE -Dg77Fortran -fPIC  -O3 -ffunction-sections -fdata-sections -fPIC  -O3 -fPIE conftest.c  >&5
configure:4995: $? = 0
configure:4999: result: yes
configure:5013: checking whether long long is defined
configure:5029: /atomskygaze/build/buildroot-2024.02/output/host/bin/mipsel-ingenic-linux-gnu-gcc -c -O3 -ffunction-sections -fdata-sections -fPIC  -O3 -fPIE -Dg77Fortran -fPIC  conftest.c >&5
configure:5029: $? = 0
configure:5033: result: yes
configure:5054: checking whether system V style IPC services are supported
configure:5075: /atomskygaze/build/buildroot-2024.02/output/host/bin/mipsel-ingenic-linux-gnu-gcc -o conftest -O3 -ffunction-sections -fdata-sections -fPIC  -O3 -fPIE -Dg77Fortran -fPIC  -O3 -ffunction-sections -fdata-sections -fPIC  -O3 -fPIE conftest.c  >&5
configure:5075: $? = 0
configure:5080: result: yes
configure:5096: checking whether flock_t is defined in sys/fcntl.h
configure:5112: /atomskygaze/build/buildroot-2024.02/output/host/bin/mipsel-ingenic-linux-gnu-gcc -c -O3 -ffunction-sections -fdata-sections -fPIC  -O3 -fPIE -Dg77Fortran -fPIC  conftest.c >&5
configure:5112: $? = 0
configure:5116: result: yes
configure:5126: checking whether flock_t is defined in sys/flock.h
configure:5142: /atomskygaze/build/buildroot-2024.02/output/host/bin/mipsel-ingenic-linux-gnu-gcc -c -O3 -ffunction-sections -fdata-sections -fPIC  -O3 -fPIE -Dg77Fortran -fPIC  conftest.c >&5
conftest.c:29:10: fatal error: sys/flock.h: No such file or directory
   29 | #include <sys/flock.h>
      |          ^~~~~~~~~~~~~
compilation terminated.
configure:5142: $? = 1
configure: failed program was:
| /* confdefs.h */
| #define PACKAGE_NAME ""
| #define PACKAGE_TARNAME ""
| #define PACKAGE_VERSION ""
| #define PACKAGE_STRING ""
| #define PACKAGE_BUGREPORT ""
| #define PACKAGE_URL ""
| #define STDC_HEADERS 1
| #define HAVE_SYS_TYPES_H 1
| #define HAVE_SYS_STAT_H 1
| #define HAVE_STDLIB_H 1
| #define HAVE_STRING_H 1
| #define HAVE_MEMORY_H 1
| #define HAVE_STRINGS_H 1
| #define HAVE_INTTYPES_H 1
| #define HAVE_STDINT_H 1
| #define HAVE_UNISTD_H 1
| #define HAVE_STDLIB_H 1
| #define HAVE_STRING_H 1
| #define HAVE_MATH_H 1
| #define HAVE_LIMITS_H 1
| #define _LARGEFILE_SOURCE 1
| #define _FILE_OFFSET_BITS 64
| #define HAVE_FTRUNCATE 1
| #define HAVE_LONGLONG 1
| #define HAVE_SHMEM_SERVICES 1
| #define HAVE_FLOCK_T 1
| /* end confdefs.h.  */
| #include <sys/flock.h>
| 
| int
| main ()
| {
| 
|    flock_t filler;
| 
|   ;
|   return 0;
| }
configure:5150: result: no
configure:5170: checking for main in -lpthread
configure:5189: /atomskygaze/build/buildroot-2024.02/output/host/bin/mipsel-ingenic-linux-gnu-gcc -o conftest -O3 -ffunction-sections -fdata-sections -fPIC  -O3 -fPIE -Dg77Fortran -fPIC  -O3 -ffunction-sections -fdata-sections -fPIC  -O3 -fPIE conftest.c -lpthread   >&5
configure:5189: $? = 0
configure:5198: result: yes
configure:5218: checking whether union semun is defined
configure:5236: /atomskygaze/build/buildroot-2024.02/output/host/bin/mipsel-ingenic-linux-gnu-gcc -c -O3 -ffunction-sections -fdata-sections -fPIC  -O3 -fPIE -Dg77Fortran -fPIC  conftest.c >&5
conftest.c: In function 'main':
conftest.c:40:13: error: storage size of 'filler' isn't known
   40 | union semun filler;
      |             ^~~~~~
configure:5236: $? = 1
configure: failed program was:
| /* confdefs.h */
| #define PACKAGE_NAME ""
| #define PACKAGE_TARNAME ""
| #define PACKAGE_VERSION ""
| #define PACKAGE_STRING ""
| #define PACKAGE_BUGREPORT ""
| #define PACKAGE_URL ""
| #define STDC_HEADERS 1
| #define HAVE_SYS_TYPES_H 1
| #define HAVE_SYS_STAT_H 1
| #define HAVE_STDLIB_H 1
| #define HAVE_STRING_H 1
| #define HAVE_MEMORY_H 1
| #define HAVE_STRINGS_H 1
| #define HAVE_INTTYPES_H 1
| #define HAVE_STDINT_H 1
| #define HAVE_UNISTD_H 1
| #define HAVE_STDLIB_H 1
| #define HAVE_STRING_H 1
| #define HAVE_MATH_H 1
| #define HAVE_LIMITS_H 1
| #define _LARGEFILE_SOURCE 1
| #define _FILE_OFFSET_BITS 64
| #define HAVE_FTRUNCATE 1
| #define HAVE_LONGLONG 1
| #define HAVE_SHMEM_SERVICES 1
| #define HAVE_FLOCK_T 1
| #define _REENTRANT 1
| #define _XOPEN_SOURCE 700
| #define HAVE_LIBPTHREAD 1
| /* end confdefs.h.  */
| #include <sys/ipc.h>
| #include <sys/shm.h>
| #include <sys/sem.h>
| 
| int
| main ()
| {
| 
| union semun filler;
| 
|   ;
|   return 0;
| }
configure:5244: result: no
configure:5253: checking for fmemopen
configure:5253: /atomskygaze/build/buildroot-2024.02/output/host/bin/mipsel-ingenic-linux-gnu-gcc -o conftest -O3 -ffunction-sections -fdata-sections -fPIC  -O3 -fPIE -Dg77Fortran -fPIC  -O3 -ffunction-sections -fdata-sections -fPIC  -O3 -fPIE conftest.c -lpthread  >&5
configure:5253: $? = 0
configure:5253: result: yes
configure:5266: checking for library containing gethostbyname
configure:5297: /atomskygaze/build/buildroot-2024.02/output/host/bin/mipsel-ingenic-linux-gnu-gcc -o conftest -O3 -ffunction-sections -fdata-sections -fPIC  -O3 -fPIE -Dg77Fortran -fPIC  -O3 -ffunction-sections -fdata-sections -fPIC  -O3 -fPIE conftest.c -lpthread  >&5
configure:5297: $? = 0
configure:5314: result: none required
configure:5324: checking for library containing connect
configure:5355: /atomskygaze/build/buildroot-2024.02/output/host/bin/mipsel-ingenic-linux-gnu-gcc -o conftest -O3 -ffunction-sections -fdata-sections -fPIC  -O3 -fPIE -Dg77Fortran -fPIC  -O3 -ffunction-sections -fdata-sections -fPIC  -O3 -fPIE conftest.c -lpthread  >&5
configure:5355: $? = 0
configure:5372: result: none required
configure:5534: creating ./config.status

## ---------------------- ##
## Running config.status. ##
## ---------------------- ##

This file was extended by config.status, which was
generated by GNU Autoconf 2.69.  Invocation command line was

  CONFIG_FILES    = 
  CONFIG_HEADERS  = 
  CONFIG_LINKS    = 
  CONFIG_COMMANDS = 
  $ ./config.status 

on fee2ae47ec6a

config.status:759: creating Makefile
configure:6683: creating ./config.status

## ---------------------- ##
## Running config.status. ##
## ---------------------- ##

This file was extended by config.status, which was
generated by GNU Autoconf 2.69.  Invocation command line was

  CONFIG_FILES    = 
  CONFIG_HEADERS  = 
  CONFIG_LINKS    = 
  CONFIG_COMMANDS = 
  $ ./config.status 

on fee2ae47ec6a

config.status:760: creating Makefile
config.status:760: creating cfitsio.pc
configure:7691: result: 
configure:7693: result:     Congratulations, Makefile update was successful.
configure:7695: result:     You may want to run "make" now.
configure:7697: result: 

## ---------------- ##
## Cache variables. ##
## ---------------- ##

ac_cv_build=x86_64-pc-linux-gnu
ac_cv_c_compiler_gnu=yes
ac_cv_env_CC_set=set
ac_cv_env_CC_value=/atomskygaze/build/buildroot-2024.02/output/host/bin/mipsel-ingenic-linux-gnu-gcc
ac_cv_env_CFLAGS_set=set
ac_cv_env_CFLAGS_value='-O3 -ffunction-sections -fdata-sections -fPIC  -O3 -fPIE'
ac_cv_env_CPPFLAGS_set=
ac_cv_env_CPPFLAGS_value=
ac_cv_env_CPP_set=
ac_cv_env_CPP_value=
ac_cv_env_LDFLAGS_set=
ac_cv_env_LDFLAGS_value=
ac_cv_env_LIBS_set=
ac_cv_env_LIBS_value=
ac_cv_env_build_alias_set=
ac_cv_env_build_alias_value=
ac_cv_env_host_alias_set=set
ac_cv_env_host_alias_value=mipsel-ingenic-linux-gnu
ac_cv_env_target_alias_set=
ac_cv_env_target_alias_value=
ac_cv_func_fmemopen=yes
ac_cv_header_inttypes_h=yes
ac_cv_header_limits_h=yes
ac_cv_header_math_h=yes
ac_cv_header_memory_h=yes
ac_cv_header_stdc=yes
ac_cv_header_stdint_h=yes
ac_cv_header_stdlib_h=yes
ac_cv_header_string_h=yes
ac_cv_header_strings_h=yes
ac_cv_header_sys_stat_h=yes
ac_cv_header_sys_types_h=yes
ac_cv_header_unistd_h=yes
ac_cv_host=mipsel-ingenic-linux-gnu
ac_cv_lib_pthread_main=yes
ac_cv_objext=o
ac_cv_path_EGREP='/usr/bin/grep -E'
ac_cv_path_GREP=/usr/bin/grep
ac_cv_prog_AR=ar
ac_cv_prog_CC=/atomskygaze/build/buildroot-2024.02/output/host/bin/mipsel-ingenic-linux-gnu-gcc
ac_cv_prog_CPP='/atomskygaze/build/buildroot-2024.02/output/host/bin/mipsel-ingenic-linux-gnu-gcc -E'
ac_cv_prog_ac_ct_RANLIB=ranlib
ac_cv_prog_cc_c89=
ac_cv_prog_cc_g=yes
ac_cv_search_connect='none required'
ac_cv_search_gethostbyname='none required'
ac_cv_target=mipsel-ingenic-linux-gnu

## ----------------- ##
## Output variables. ##
## ----------------- ##

AR='ar'
ARCH='linux'
ARCHIVE='ar rv'
CC='/atomskygaze/build/buildroot-2024.02/output/host/bin/mipsel-ingenic-linux-gnu-gcc'
CFITSIO_MAJOR='3'
CFITSIO_MINOR='49'
CFITSIO_SHLIB='lib${PACKAGE}${SHLIB_SUFFIX}.${CFITSIO_SONAME}.${CFITSIO_MAJOR}.${CFITSIO_MINOR}'
CFITSIO_SHLIB_SONAME='lib${PACKAGE}${SHLIB_SUFFIX}.${CFITSIO_SONAME}'
CFITSIO_SONAME='9'
CFLAGS='-O3 -ffunction-sections -fdata-sections -fPIC  -O3 -fPIE -Dg77Fortran -fPIC'
CPP='/atomskygaze/build/buildroot-2024.02/output/host/bin/mipsel-ingenic-linux-gnu-gcc -E'
CPPFLAGS=''
CURLCONFIG=''
DEFS='-DPACKAGE_NAME=\"\" -DPACKAGE_TARNAME=\"\" -DPACKAGE_VERSION=\"\" -DPACKAGE_STRING=\"\" -DPACKAGE_BUGREPORT=\"\" -DPACKAGE_URL=\"\" -DSTDC_HEADERS=1 -DHAVE_SYS_TYPES_H=1 -DHAVE_SYS_STAT_H=1 -DHAVE_STDLIB_H=1 -DHAVE_STRING_H=1 -DHAVE_MEMORY_H=1 -DHAVE_STRINGS_H=1 -DHAVE_INTTYPES_H=1 -DHAVE_STDINT_H=1 -DHAVE_UNISTD_H=1 -DHAVE_STDLIB_H=1 -DHAVE_STRING_H=1 -DHAVE_MATH_H=1 -DHAVE_LIMITS_H=1 -D_LARGEFILE_SOURCE=1 -D_FILE_OFFSET_BITS=64 -DHAVE_FTRUNCATE=1 -DHAVE_LONGLONG=1 -DHAVE_SHMEM_SERVICES=1 -DHAVE_FLOCK_T=1 -D_REENTRANT=1 -D_XOPEN_SOURCE=700 -DHAVE_LIBPTHREAD=1 -DHAVE_FMEMOPEN=1 -DHAVE_NET_SERVICES=1'
ECHO_C=''
ECHO_N='-n'
ECHO_T=''
EGREP='/usr/bin/grep -E'
EXEEXT=''
F77_WRAPPERS='${FITSIO_SRC}'
FC='notfound'
GCCVERSION='12.3.0'
GREP='/usr/bin/grep'
GSIFTP_SRC=''
INSTALL_ROOT='${prefix}'
LDFLAGS='-O3 -ffunction-sections -fdata-sections -fPIC  -O3 -fPIE'
LDFLAGS_BIN='-O3 -ffunction-sections -fdata-sections -fPIC  -O3 -fPIE -Wl,-rpath,${CFITSIO_LIB}'
LIBOBJS=''
LIBPRE=''
LIBS='-lpthread '
LIBS_CURL=''
LTLIBOBJS=''
OBJEXT='o'
PACKAGE_BUGREPORT=''
PACKAGE_NAME=''
PACKAGE_STRING=''
PACKAGE_TARNAME=''
PACKAGE_URL=''
PACKAGE_VERSION=''
PATH_SEPARATOR=':'
RANLIB='ranlib'
SHELL='/bin/bash'
SHLIB_LD='/atomskygaze/build/buildroot-2024.02/output/host/bin/mipsel-ingenic-linux-gnu-gcc -shared -Wl,-soname,lib${PACKAGE}${SHLIB_SUFFIX}.${CFITSIO_SONAME}'
SHLIB_SUFFIX='.so'
SSE_FLAGS=''
ac_ct_CC=''
bindir='${exec_prefix}/bin'
build='x86_64-pc-linux-gnu'
build_alias=''
build_cpu='x86_64'
build_os='linux-gnu'
build_vendor='pc'
datadir='${datarootdir}'
datarootdir='${prefix}/share'
docdir='${datarootdir}/doc/${PACKAGE}'
dvidir='${docdir}'
exec_prefix='${prefix}'
host='mipsel-ingenic-linux-gnu'
host_alias='mipsel-ingenic-linux-gnu'
host_cpu='mipsel'
host_os='linux-gnu'
host_vendor='ingenic'
htmldir='${docdir}'
includedir='${prefix}/include'
infodir='${datarootdir}/info'
libdir='${exec_prefix}/lib'
libexecdir='${exec_prefix}/libexec'
localedir='${datarootdir}/locale'
localstatedir='${prefix}/var'
mandir='${datarootdir}/man'
my_shmem='${SOURCES_SHMEM}'
oldincludedir='/usr/include'
pdfdir='${docdir}'
prefix='/src/patches/fitsio-sys/ext/cfitsio'
program_transform_name='s,x,x,'
psdir='${docdir}'
sbindir='${exec_prefix}/sbin'
sharedstatedir='${prefix}/com'
sysconfdir='${prefix}/etc'
target='mipsel-ingenic-linux-gnu'
target_alias=''
target_cpu='mipsel'
target_os='linux-gnu'
target_vendor='ingenic'

## ----------- ##
## confdefs.h. ##
## ----------- ##

/* confdefs.h */
#define PACKAGE_NAME ""
#define PACKAGE_TARNAME ""
#define PACKAGE_VERSION ""
#define PACKAGE_STRING ""
#define PACKAGE_BUGREPORT ""
#define PACKAGE_URL ""
#define STDC_HEADERS 1
#define HAVE_SYS_TYPES_H 1
#define HAVE_SYS_STAT_H 1
#define HAVE_STDLIB_H 1
#define HAVE_STRING_H 1
#define HAVE_MEMORY_H 1
#define HAVE_STRINGS_H 1
#define HAVE_INTTYPES_H 1
#define HAVE_STDINT_H 1
#define HAVE_UNISTD_H 1
#define HAVE_STDLIB_H 1
#define HAVE_STRING_H 1
#define HAVE_MATH_H 1
#define HAVE_LIMITS_H 1
#define _LARGEFILE_SOURCE 1
#define _FILE_OFFSET_BITS 64
#define HAVE_FTRUNCATE 1
#define HAVE_LONGLONG 1
#define HAVE_SHMEM_SERVICES 1
#define HAVE_FLOCK_T 1
#define _REENTRANT 1
#define _XOPEN_SOURCE 700
#define HAVE_LIBPTHREAD 1
#define HAVE_FMEMOPEN 1
#define HAVE_NET_SERVICES 1

configure: exit 0
